*** Compiling Verilog ***

*** Invocation #1***

Loading (1) /home/liuyunqi/ymyu/l1d/l1d_v1/fifo.sv ...

Done /home/liuyunqi/ymyu/l1d/l1d_v1/fifo.sv [293 ms, 44 lines, SystemVerilog_2012] ...

Loading (2) /home/liuyunqi/ymyu/l1d/l1d_v1/l1d_data_pipe_wr_adapter.sv ...

Done /home/liuyunqi/ymyu/l1d/l1d_v1/l1d_data_pipe_wr_adapter.sv [0 ms, 10 lines, SystemVerilog_2012] ...

Loading (3) /home/liuyunqi/ymyu/l1d/l1d_v1/sp_sram.sv ...

Done /home/liuyunqi/ymyu/l1d/l1d_v1/sp_sram.sv [4 ms, 32 lines, SystemVerilog_2012] ...

Loading (4) /home/liuyunqi/ymyu/l1d/l1d_v1/v_en_decoder.sv ...

Done /home/liuyunqi/ymyu/l1d/l1d_v1/v_en_decoder.sv [9 ms, 22 lines, SystemVerilog_2012] ...

Loading (5) /home/liuyunqi/ymyu/l1d/l1d_v1/vrp_arb_rr.sv ...

Done /home/liuyunqi/ymyu/l1d/l1d_v1/vrp_arb_rr.sv [11 ms, 79 lines, SystemVerilog_2012] ...

Loading (6) /home/liuyunqi/ymyu/l1d/l1d_v1/l1d_package.sv ...

Done /home/liuyunqi/ymyu/l1d/l1d_v1/l1d_package.sv [28 ms, 230 lines, SystemVerilog_2012] ...

Loading (7) /home/liuyunqi/ymyu/l1d/l1d_v1/vrp_evict_arb_rr.sv ...

Done /home/liuyunqi/ymyu/l1d/l1d_v1/vrp_evict_arb_rr.sv [5 ms, 40 lines, SystemVerilog_2012] ...

Loading (8) /home/liuyunqi/ymyu/l1d/l1d_v1/vrp_downstream_arb_rr.sv ...

Done /home/liuyunqi/ymyu/l1d/l1d_v1/vrp_downstream_arb_rr.sv [6 ms, 56 lines, SystemVerilog_2012] ...

Loading (9) /home/liuyunqi/ymyu/l1d/l1d_v1/vrp_data_ram_arb_rr.sv ...

Done /home/liuyunqi/ymyu/l1d/l1d_v1/vrp_data_ram_arb_rr.sv [2 ms, 33 lines, SystemVerilog_2012] ...

Loading (10) /home/liuyunqi/ymyu/l1d/l1d_v1/pre_allocator.sv ...

Done /home/liuyunqi/ymyu/l1d/l1d_v1/pre_allocator.sv [3 ms, 53 lines, SystemVerilog_2012] ...

Loading (11) /home/liuyunqi/ymyu/l1d/l1d_v1/l1d_tag_pipe.sv ...

Done /home/liuyunqi/ymyu/l1d/l1d_v1/l1d_tag_pipe.sv [25 ms, 257 lines, SystemVerilog_2012] ...

Loading (12) /home/liuyunqi/ymyu/l1d/l1d_v1/l1d_tag_behavior_map.sv ...

Done /home/liuyunqi/ymyu/l1d/l1d_v1/l1d_tag_behavior_map.sv [6 ms, 61 lines, SystemVerilog_2012] ...

Loading (13) /home/liuyunqi/ymyu/l1d/l1d_v1/l1d_mshr_entry.sv ...

Done /home/liuyunqi/ymyu/l1d/l1d_v1/l1d_mshr_entry.sv [12 ms, 222 lines, SystemVerilog_2012] ...

Loading (14) /home/liuyunqi/ymyu/l1d/l1d_v1/l1d_mshr_data_ram_arb.sv ...

Done /home/liuyunqi/ymyu/l1d/l1d_v1/l1d_mshr_data_ram_arb.sv [3 ms, 15 lines, SystemVerilog_2012] ...

Loading (15) /home/liuyunqi/ymyu/l1d/l1d_v1/l1d_mshr_bps.sv ...

Done /home/liuyunqi/ymyu/l1d/l1d_v1/l1d_mshr_bps.sv [1 ms, 28 lines, SystemVerilog_2012] ...

Loading (16) /home/liuyunqi/ymyu/l1d/l1d_v1/l1d_mshr.sv ...

Done /home/liuyunqi/ymyu/l1d/l1d_v1/l1d_mshr.sv [10 ms, 209 lines, SystemVerilog_2012] ...

Loading (17) /home/liuyunqi/ymyu/l1d/l1d_v1/l1d_data_ram_pipe.sv ...

Done /home/liuyunqi/ymyu/l1d/l1d_v1/l1d_data_ram_pipe.sv [1 ms, 40 lines, SystemVerilog_2012] ...

Loading (18) /home/liuyunqi/ymyu/l1d/l1d_v1/l1d_data_pipe_wr_dec.sv ...

Done /home/liuyunqi/ymyu/l1d/l1d_v1/l1d_data_pipe_wr_dec.sv [1 ms, 28 lines, SystemVerilog_2012] ...

Loading (19) /home/liuyunqi/ymyu/l1d/l1d_v1/l1d_data_pipe_linefill_dec.sv ...

Done /home/liuyunqi/ymyu/l1d/l1d_v1/l1d_data_pipe_linefill_dec.sv [6 ms, 109 lines, SystemVerilog_2012] ...

Loading (20) /home/liuyunqi/ymyu/l1d/l1d_v1/l1d_data_pipe_evict_dec.sv ...

Done /home/liuyunqi/ymyu/l1d/l1d_v1/l1d_data_pipe_evict_dec.sv [3 ms, 77 lines, SystemVerilog_2012] ...

Loading (21) /home/liuyunqi/ymyu/l1d/l1d_v1/l1d_data_pipe_arbiter.sv ...

Done /home/liuyunqi/ymyu/l1d/l1d_v1/l1d_data_pipe_arbiter.sv [2 ms, 54 lines, SystemVerilog_2012] ...

Loading (22) /home/liuyunqi/ymyu/l1d/l1d_v1/l1d_data_pipe.sv ...

Done /home/liuyunqi/ymyu/l1d/l1d_v1/l1d_data_pipe.sv [4 ms, 120 lines, SystemVerilog_2012] ...

*** Done invocation #1 [225 ms] ***

Total number of lines [1 819]

Performing post full build actions ...

Performing post full build step 1 (SRI) [2 ms] ...

Performing post full build step 2 (RI) [4 ms] ...

Performing post full build step 3 (RCP) [0 ms] ...

*** Compile Verilog done [total duration 459 ms] ***

Performing mixed post full build step 1 (Verilog - RI) [1 ms] ...

Performing mixed post full build step 2 (Verilog - RC) [6 ms] ...

Performing mixed post full build step 3 (Verilog - RPC) [118 ms] ...

Performing mixed post full build step 4 (Verilog - RD) [2 ms] ...

Performing mixed post full build step 5 (Verilog - FSC) [52 ms] ...

Performing mixed post full build step 6 (Verilog - EV) [51 ms] ...

Performing mixed post full build step 7 (Verilog - US) [51 ms] ...

*** SEMANTIC ERROR: NON_EXISTING_PORT: Non existing port 'mshr_data_addr' of module 'l1d_data_pipe_linefill_dec' at line: 67 in file: /home/liuyunqi/ymyu/l1d/l1d_v1/l1d_data_pipe.sv

*** SEMANTIC ERROR: UNDECLARED_IDENTIFIER: Identifier 'evict_offset_cnt' is not declared at line: 46 in file: /home/liuyunqi/ymyu/l1d/l1d_v1/l1d_data_pipe_evict_dec.sv

*** SEMANTIC ERROR: UNDECLARED_IDENTIFIER: Identifier 'evict_offset_cnt' is not declared at line: 72 in file: /home/liuyunqi/ymyu/l1d/l1d_v1/l1d_data_pipe_evict_dec.sv

*** SEMANTIC ERROR: UNDECLARED_IDENTIFIER: Identifier 'index' is not a member of 'last_evict_buf' at line: 56 in file: /home/liuyunqi/ymyu/l1d/l1d_v1/l1d_data_pipe_evict_dec.sv

*** SEMANTIC ERROR: UNDECLARED_IDENTIFIER: Identifier 'index' is not a member of 'last_evict_buf' at line: 70 in file: /home/liuyunqi/ymyu/l1d/l1d_v1/l1d_data_pipe_evict_dec.sv

*** SEMANTIC ERROR: UNDECLARED_IDENTIFIER: Identifier 'last_evcit_buf' is not declared at line: 54 in file: /home/liuyunqi/ymyu/l1d/l1d_v1/l1d_data_pipe_evict_dec.sv

*** SEMANTIC ERROR: UNDECLARED_IDENTIFIER: Identifier 'mshr_id' is not a member of 'last_evict_buf' at line: 73 in file: /home/liuyunqi/ymyu/l1d/l1d_v1/l1d_data_pipe_evict_dec.sv

*** SEMANTIC ERROR: UNDECLARED_IDENTIFIER: Identifier 'offset' is not a member of 'last_evict_buf' at line: 58 in file: /home/liuyunqi/ymyu/l1d/l1d_v1/l1d_data_pipe_evict_dec.sv

*** SEMANTIC ERROR: UNDECLARED_IDENTIFIER: Identifier 'rw_type' is not a member of 'out_pld' at line: 29 in file: /home/liuyunqi/ymyu/l1d/l1d_v1/vrp_evict_arb_rr.sv

*** SEMANTIC ERROR: UNDECLARED_IDENTIFIER: Identifier 'way' is not a member of 'last_evict_buf' at line: 57 in file: /home/liuyunqi/ymyu/l1d/l1d_v1/l1d_data_pipe_evict_dec.sv

*** SEMANTIC ERROR: UNDECLARED_IDENTIFIER: Identifier 'way' is not a member of 'last_evict_buf' at line: 71 in file: /home/liuyunqi/ymyu/l1d/l1d_v1/l1d_data_pipe_evict_dec.sv

*** SEMANTIC ERROR: UNDECLARED_IDENTIFIER: Identifier 'wr_data' is not a member of 'out_pld' at line: 33 in file: /home/liuyunqi/ymyu/l1d/l1d_v1/vrp_evict_arb_rr.sv

*** SEMANTIC ERROR: UNDECLARED_IDENTIFIER: Identifier 'wr_data_byte_en' is not a member of 'out_pld' at line: 34 in file: /home/liuyunqi/ymyu/l1d/l1d_v1/vrp_evict_arb_rr.sv

*** SEMANTIC ERROR: UNDECLARED_IDENTIFIER: Identifier 'wr_sb_pld' is not a member of 'evict_req_pld' at line: 213 in file: /home/liuyunqi/ymyu/l1d/l1d_v1/l1d_mshr_entry.sv

*** SEMANTIC ERROR: UNDECLARED_IDENTIFIER: Identifier 'wr_sb_pld' is not a member of 'out_pld' at line: 35 in file: /home/liuyunqi/ymyu/l1d/l1d_v1/vrp_evict_arb_rr.sv

*** SEMANTIC WARNING: FEEDTHROUGH_DETECTED: Feedthrough from 'dat_ram_pipe_rdy' to 'wr_req_dat_rdy' at line: 29 in file: /home/liuyunqi/ymyu/l1d/l1d_v1/l1d_data_pipe_arbiter.sv

*** SEMANTIC WARNING: FEEDTHROUGH_DETECTED: Feedthrough from 'dat_ram_req_vld' to 'wr_req_dat_vld' at line: 25 in file: /home/liuyunqi/ymyu/l1d/l1d_v1/l1d_data_pipe_wr_dec.sv

*** SEMANTIC WARNING: FEEDTHROUGH_DETECTED: Feedthrough from 'wr_req_dat_rdy' to 'dat_ram_req_rdy' at line: 26 in file: /home/liuyunqi/ymyu/l1d/l1d_v1/l1d_data_pipe_wr_dec.sv

*** SEMANTIC WARNING: IMPLICIT_DECLARATION: Implicit declaration of 'linefill_dat_lcrdv' using `default_nettype set to wire at line: 96 in file: /home/liuyunqi/ymyu/l1d/l1d_v1/l1d_data_pipe_linefill_dec.sv

*** SEMANTIC WARNING: MISSING_PORT_CONNECTION: Instance 'u_l1d_data_pipe_linefill_dec' of module 'l1d_data_pipe_linefill_dec' is missing port connection to input 'mash_data_addr' at line: 51 in file: /home/liuyunqi/ymyu/l1d/l1d_v1/l1d_data_pipe.sv

*** SEMANTIC WARNING: MISSING_PORT_CONNECTION: Instance 'u_l1d_data_ram_pipe' of module 'l1d_data_ram_pipe' is missing port connection to input 'dat_ram_pipe_vld, dat_ram_pipe_pld' at line: 116 in file: /home/liuyunqi/ymyu/l1d/l1d_v1/l1d_data_pipe.sv

*** SEMANTIC WARNING: MISSING_PORT_CONNECTION: Instance 'u_l1d_data_ram_pipe' of module 'l1d_data_ram_pipe' is missing port connection to output 'dat_ram_pipe_rdy, upstream_ack_en, upstream_ack_id, upstream_ack_dat, ...' at line: 116 in file: /home/liuyunqi/ymyu/l1d/l1d_v1/l1d_data_pipe.sv

*** SEMANTIC WARNING: OUTPUT_PORT_READ: Reading from an output port 'dat_ram_pipe_pld' is not recommended at line: 45 in file: /home/liuyunqi/ymyu/l1d/l1d_v1/l1d_data_pipe_arbiter.sv

*** SEMANTIC WARNING: OUTPUT_PORT_READ: Reading from an output port 'dat_ram_pipe_pld' is not recommended at line: 46 in file: /home/liuyunqi/ymyu/l1d/l1d_v1/l1d_data_pipe_arbiter.sv

*** SEMANTIC WARNING: OUTPUT_PORT_READ: Reading from an output port 'dat_ram_pipe_pld' is not recommended at line: 50 in file: /home/liuyunqi/ymyu/l1d/l1d_v1/l1d_data_pipe_arbiter.sv

*** SEMANTIC WARNING: OUTPUT_PORT_READ: Reading from an output port 'dat_ram_pipe_pld' is not recommended at line: 51 in file: /home/liuyunqi/ymyu/l1d/l1d_v1/l1d_data_pipe_arbiter.sv

*** SEMANTIC WARNING: OUTPUT_PORT_READ: Reading from an output port 'dat_ram_pipe_pld' is not recommended at line: 52 in file: /home/liuyunqi/ymyu/l1d/l1d_v1/l1d_data_pipe_arbiter.sv

*** SEMANTIC WARNING: OUTPUT_PORT_READ: Reading from an output port 'dat_ram_req_vld' is not recommended at line: 89 in file: /home/liuyunqi/ymyu/l1d/l1d_v1/l1d_mshr_entry.sv

*** SEMANTIC WARNING: OUTPUT_PORT_READ: Reading from an output port 'downstream_req_vld' is not recommended at line: 113 in file: /home/liuyunqi/ymyu/l1d/l1d_v1/l1d_mshr_entry.sv

*** SEMANTIC WARNING: OUTPUT_PORT_READ: Reading from an output port 'empty' is not recommended at line: 26 in file: /home/liuyunqi/ymyu/l1d/l1d_v1/fifo.sv

*** SEMANTIC WARNING: OUTPUT_PORT_READ: Reading from an output port 'evict_dat_pld' is not recommended at line: 41 in file: /home/liuyunqi/ymyu/l1d/l1d_v1/l1d_data_pipe_arbiter.sv

*** SEMANTIC WARNING: OUTPUT_PORT_READ: Reading from an output port 'evict_dat_vld' is not recommended at line: 34 in file: /home/liuyunqi/ymyu/l1d/l1d_v1/l1d_data_pipe_evict_dec.sv

*** SEMANTIC WARNING: OUTPUT_PORT_READ: Reading from an output port 'evict_req_rdy' is not recommended at line: 33 in file: /home/liuyunqi/ymyu/l1d/l1d_v1/l1d_data_pipe_evict_dec.sv

*** SEMANTIC WARNING: OUTPUT_PORT_READ: Reading from an output port 'evict_req_vld' is not recommended at line: 95 in file: /home/liuyunqi/ymyu/l1d/l1d_v1/l1d_mshr_entry.sv

*** SEMANTIC WARNING: OUTPUT_PORT_READ: Reading from an output port 'full' is not recommended at line: 21 in file: /home/liuyunqi/ymyu/l1d/l1d_v1/fifo.sv

*** SEMANTIC WARNING: OUTPUT_PORT_READ: Reading from an output port 'full' is not recommended at line: 36 in file: /home/liuyunqi/ymyu/l1d/l1d_v1/fifo.sv

*** SEMANTIC WARNING: OUTPUT_PORT_READ: Reading from an output port 'linefill_dat_vld' is not recommended at line: 47 in file: /home/liuyunqi/ymyu/l1d/l1d_v1/l1d_data_pipe_linefill_dec.sv

*** SEMANTIC WARNING: OUTPUT_PORT_READ: Reading from an output port 'mshr_state_update_pld' is not recommended at line: 219 in file: /home/liuyunqi/ymyu/l1d/l1d_v1/l1d_tag_pipe.sv

*** SEMANTIC WARNING: OUTPUT_PORT_READ: Reading from an output port 'out_vld' is not recommended at line: 35 in file: /home/liuyunqi/ymyu/l1d/l1d_v1/pre_allocator.sv

*** SEMANTIC WARNING: OUTPUT_PORT_READ: Reading from an output port 'rx_rsp_lcrdv' is not recommended at line: 45 in file: /home/liuyunqi/ymyu/l1d/l1d_v1/l1d_data_pipe_linefill_dec.sv

*** SEMANTIC WARNING: OUTPUT_PORT_READ: Reading from an output port 'tag_pipe_req_rdy' is not recommended at line: 69 in file: /home/liuyunqi/ymyu/l1d/l1d_v1/l1d_tag_pipe.sv

*** SEMANTIC WARNING: SIGNAL_MULTIPLE_DRIVERS: Signal 'evict_dat_pld' has multiple drivers at line: 45 in file: /home/liuyunqi/ymyu/l1d/l1d_v1/l1d_data_pipe.sv

*** SEMANTIC WARNING: SIGNAL_NEVER_READ: Signal 'dat_ram_pipe_pld' is never read (connected to sub-instance output port) at line: 49 in file: /home/liuyunqi/ymyu/l1d/l1d_v1/l1d_data_pipe.sv

*** SEMANTIC WARNING: SIGNAL_NEVER_READ: Signal 'dat_ram_pipe_vld' is never read (connected to sub-instance output port) at line: 47 in file: /home/liuyunqi/ymyu/l1d/l1d_v1/l1d_data_pipe.sv

*** SEMANTIC WARNING: SIGNAL_NEVER_READ: Signal 'evict_dat_pld' is never read (connected to sub-instance output port) at line: 45 in file: /home/liuyunqi/ymyu/l1d/l1d_v1/l1d_data_pipe.sv

*** SEMANTIC WARNING: SIGNAL_NEVER_READ: Signal 'linefill_dat_lcrdv' is never read at line: 96 in file: /home/liuyunqi/ymyu/l1d/l1d_v1/l1d_data_pipe_linefill_dec.sv

*** SEMANTIC WARNING: SIGNAL_NEVER_USED: Signal 'clk' is never used at line: 4 in file: /home/liuyunqi/ymyu/l1d/l1d_v1/l1d_data_pipe_arbiter.sv

*** SEMANTIC WARNING: SIGNAL_NEVER_USED: Signal 'clk' is never used at line: 2 in file: /home/liuyunqi/ymyu/l1d/l1d_v1/l1d_data_pipe_wr_adapter.sv

*** SEMANTIC WARNING: SIGNAL_NEVER_USED: Signal 'clk' is never used at line: 4 in file: /home/liuyunqi/ymyu/l1d/l1d_v1/l1d_data_pipe_wr_dec.sv

*** SEMANTIC WARNING: SIGNAL_NEVER_USED: Signal 'dat_ram_pipe_pld' is never used at line: 7 in file: /home/liuyunqi/ymyu/l1d/l1d_v1/l1d_data_ram_pipe.sv

*** SEMANTIC WARNING: SIGNAL_NEVER_USED: Signal 'dat_ram_pipe_rdy' is never used at line: 6 in file: /home/liuyunqi/ymyu/l1d/l1d_v1/l1d_data_ram_pipe.sv

*** SEMANTIC WARNING: SIGNAL_NEVER_USED: Signal 'dat_ram_pipe_vld' is never used at line: 5 in file: /home/liuyunqi/ymyu/l1d/l1d_v1/l1d_data_ram_pipe.sv

*** SEMANTIC WARNING: SIGNAL_NEVER_USED: Signal 'downstream_pld' is never used at line: 6 in file: /home/liuyunqi/ymyu/l1d/l1d_v1/l1d_data_pipe_wr_adapter.sv

*** SEMANTIC WARNING: SIGNAL_NEVER_USED: Signal 'downstream_rdy' is never used at line: 4 in file: /home/liuyunqi/ymyu/l1d/l1d_v1/l1d_data_pipe_wr_adapter.sv

*** SEMANTIC WARNING: SIGNAL_NEVER_USED: Signal 'downstream_vld' is never used at line: 5 in file: /home/liuyunqi/ymyu/l1d/l1d_v1/l1d_data_pipe_wr_adapter.sv

*** SEMANTIC WARNING: SIGNAL_NEVER_USED: Signal 'evict_dat' is never used at line: 16 in file: /home/liuyunqi/ymyu/l1d/l1d_v1/l1d_data_ram_pipe.sv

*** SEMANTIC WARNING: SIGNAL_NEVER_USED: Signal 'evict_dat_ram_clean_en' is never used at line: 11 in file: /home/liuyunqi/ymyu/l1d/l1d_v1/l1d_data_pipe_evict_dec.sv

*** SEMANTIC WARNING: SIGNAL_NEVER_USED: Signal 'evict_dat_ram_clean_id' is never used at line: 12 in file: /home/liuyunqi/ymyu/l1d/l1d_v1/l1d_data_pipe_evict_dec.sv

*** SEMANTIC WARNING: SIGNAL_NEVER_USED: Signal 'evict_done_en' is never used at line: 27 in file: /home/liuyunqi/ymyu/l1d/l1d_v1/l1d_data_pipe.sv

*** SEMANTIC WARNING: SIGNAL_NEVER_USED: Signal 'evict_done_id' is never used at line: 28 in file: /home/liuyunqi/ymyu/l1d/l1d_v1/l1d_data_pipe.sv

*** SEMANTIC WARNING: SIGNAL_NEVER_USED: Signal 'evict_en' is never used at line: 14 in file: /home/liuyunqi/ymyu/l1d/l1d_v1/l1d_data_ram_pipe.sv

*** SEMANTIC WARNING: SIGNAL_NEVER_USED: Signal 'evict_id' is never used at line: 15 in file: /home/liuyunqi/ymyu/l1d/l1d_v1/l1d_data_ram_pipe.sv

*** SEMANTIC WARNING: SIGNAL_NEVER_USED: Signal 'rd_dat' is never used at line: 20 in file: /home/liuyunqi/ymyu/l1d/l1d_v1/l1d_data_ram_pipe.sv

*** SEMANTIC WARNING: SIGNAL_NEVER_USED: Signal 'rst_n' is never used at line: 5 in file: /home/liuyunqi/ymyu/l1d/l1d_v1/l1d_data_pipe_arbiter.sv

*** SEMANTIC WARNING: SIGNAL_NEVER_USED: Signal 'rst_n' is never used at line: 3 in file: /home/liuyunqi/ymyu/l1d/l1d_v1/l1d_data_pipe_wr_adapter.sv

*** SEMANTIC WARNING: SIGNAL_NEVER_USED: Signal 'rst_n' is never used at line: 5 in file: /home/liuyunqi/ymyu/l1d/l1d_v1/l1d_data_pipe_wr_dec.sv

*** SEMANTIC WARNING: SIGNAL_NEVER_USED: Signal 'rx_dat_lcrdv' is never used at line: 14 in file: /home/liuyunqi/ymyu/l1d/l1d_v1/l1d_data_pipe_linefill_dec.sv

*** SEMANTIC WARNING: SIGNAL_NEVER_USED: Signal 'upstream_ack_dat' is never used at line: 11 in file: /home/liuyunqi/ymyu/l1d/l1d_v1/l1d_data_ram_pipe.sv

*** SEMANTIC WARNING: SIGNAL_NEVER_USED: Signal 'upstream_ack_en' is never used at line: 9 in file: /home/liuyunqi/ymyu/l1d/l1d_v1/l1d_data_ram_pipe.sv

*** SEMANTIC WARNING: SIGNAL_NEVER_USED: Signal 'upstream_ack_id' is never used at line: 10 in file: /home/liuyunqi/ymyu/l1d/l1d_v1/l1d_data_ram_pipe.sv

*** SEMANTIC WARNING: SIGNAL_NEVER_USED: Signal 'wr_dat' is never used at line: 19 in file: /home/liuyunqi/ymyu/l1d/l1d_v1/l1d_data_ram_pipe.sv

*** SEMANTIC WARNING: SIGNAL_NEVER_USED: Signal 'wr_dat_buf' is never used at line: 21 in file: /home/liuyunqi/ymyu/l1d/l1d_v1/l1d_data_ram_pipe.sv

*** SEMANTIC WARNING: SIGNAL_NEVER_USED: Signal 'wr_dat_buf_vld' is never used at line: 22 in file: /home/liuyunqi/ymyu/l1d/l1d_v1/l1d_data_ram_pipe.sv

*** SEMANTIC WARNING: SIGNAL_NEVER_USED: Signal 'wr_req_pld' is never used at line: 13 in file: /home/liuyunqi/ymyu/l1d/l1d_v1/l1d_data_pipe_arbiter.sv

*** SEMANTIC WARNING: SIGNAL_NEVER_WRITTEN: Signal 'adp_crdv' is never written (connected to sub-instance input port) at line: 46 in file: /home/liuyunqi/ymyu/l1d/l1d_v1/l1d_data_pipe.sv

*** SEMANTIC WARNING: SIGNAL_NEVER_WRITTEN: Signal 'dat_ram_pipe_rdy' is never written (connected to sub-instance input port) at line: 48 in file: /home/liuyunqi/ymyu/l1d/l1d_v1/l1d_data_pipe.sv

*** SEMANTIC WARNING: SIGNAL_NEVER_WRITTEN: Signal 'evict_dat_pld' is never written at line: 17 in file: /home/liuyunqi/ymyu/l1d/l1d_v1/l1d_data_pipe_arbiter.sv

*** SEMANTIC WARNING: SIGNAL_NOT_RESET: Signal 'Addr' is not reset at line: 45 in file: /home/liuyunqi/ymyu/l1d/l1d_v1/vrp_downstream_arb_rr.sv

*** SEMANTIC WARNING: SIGNAL_NOT_RESET: Signal 'Opcode' is not reset at line: 43 in file: /home/liuyunqi/ymyu/l1d/l1d_v1/vrp_downstream_arb_rr.sv

*** SEMANTIC WARNING: SIGNAL_NOT_RESET: Signal 'Order' is not reset at line: 46 in file: /home/liuyunqi/ymyu/l1d/l1d_v1/vrp_downstream_arb_rr.sv

*** SEMANTIC WARNING: SIGNAL_NOT_RESET: Signal 'Size' is not reset at line: 44 in file: /home/liuyunqi/ymyu/l1d/l1d_v1/vrp_downstream_arb_rr.sv

*** SEMANTIC WARNING: SIGNAL_NOT_RESET: Signal 'TxnID' is not reset at line: 42 in file: /home/liuyunqi/ymyu/l1d/l1d_v1/vrp_downstream_arb_rr.sv

*** SEMANTIC WARNING: SIGNAL_NOT_RESET: Signal 'evict_id' is not reset at line: 59 in file: /home/liuyunqi/ymyu/l1d/l1d_v1/l1d_data_pipe_evict_dec.sv

*** SEMANTIC WARNING: SIGNAL_NOT_RESET: Signal 'evict_offset_cnt' is not reset at line: 46 in file: /home/liuyunqi/ymyu/l1d/l1d_v1/l1d_data_pipe_evict_dec.sv

*** SEMANTIC WARNING: SIGNAL_NOT_RESET: Signal 'evict_tag' is not reset at line: 184 in file: /home/liuyunqi/ymyu/l1d/l1d_v1/l1d_mshr_entry.sv

*** SEMANTIC WARNING: SIGNAL_NOT_RESET: Signal 'index' is not reset at line: 56 in file: /home/liuyunqi/ymyu/l1d/l1d_v1/l1d_data_pipe_evict_dec.sv

*** SEMANTIC WARNING: SIGNAL_NOT_RESET: Signal 'index' is not reset at line: 182 in file: /home/liuyunqi/ymyu/l1d/l1d_v1/l1d_mshr_entry.sv

*** SEMANTIC WARNING: SIGNAL_NOT_RESET: Signal 'new_tag' is not reset at line: 183 in file: /home/liuyunqi/ymyu/l1d/l1d_v1/l1d_mshr_entry.sv

*** SEMANTIC WARNING: SIGNAL_NOT_RESET: Signal 'offset' is not reset at line: 58 in file: /home/liuyunqi/ymyu/l1d/l1d_v1/l1d_data_pipe_evict_dec.sv

*** SEMANTIC WARNING: SIGNAL_NOT_RESET: Signal 'offset' is not reset at line: 185 in file: /home/liuyunqi/ymyu/l1d/l1d_v1/l1d_mshr_entry.sv

*** SEMANTIC WARNING: SIGNAL_NOT_RESET: Signal 'rw_type' is not reset at line: 181 in file: /home/liuyunqi/ymyu/l1d/l1d_v1/l1d_mshr_entry.sv

*** SEMANTIC WARNING: SIGNAL_NOT_RESET: Signal 'way' is not reset at line: 57 in file: /home/liuyunqi/ymyu/l1d/l1d_v1/l1d_data_pipe_evict_dec.sv

*** SEMANTIC WARNING: SIGNAL_NOT_RESET: Signal 'way' is not reset at line: 186 in file: /home/liuyunqi/ymyu/l1d/l1d_v1/l1d_mshr_entry.sv

*** SEMANTIC WARNING: SIGNAL_NOT_RESET: Signal 'wr_data' is not reset at line: 187 in file: /home/liuyunqi/ymyu/l1d/l1d_v1/l1d_mshr_entry.sv

*** SEMANTIC WARNING: SIGNAL_NOT_RESET: Signal 'wr_data_byte_en' is not reset at line: 188 in file: /home/liuyunqi/ymyu/l1d/l1d_v1/l1d_mshr_entry.sv

*** SEMANTIC WARNING: SIGNAL_NOT_RESET: Signal 'wr_sb_pld' is not reset at line: 189 in file: /home/liuyunqi/ymyu/l1d/l1d_v1/l1d_mshr_entry.sv

*** SEMANTIC WARNING: SIGNAL_RESET_BUT_NOT_DRIVEN: Signal 'evcit_offset_cnt' is reset but not driven at line: 45 in file: /home/liuyunqi/ymyu/l1d/l1d_v1/l1d_data_pipe_evict_dec.sv

*** SEMANTIC WARNING: SIGNAL_RESET_BUT_NOT_DRIVEN: Signal 'last_evcit_buf' is reset but not driven at line: 54 in file: /home/liuyunqi/ymyu/l1d/l1d_v1/l1d_data_pipe_evict_dec.sv

*** SEMANTIC WARNING: SIGNAL_RESET_BUT_NOT_DRIVEN: Signal 'mshr_entry_regfile' is reset but not driven at line: 178 in file: /home/liuyunqi/ymyu/l1d/l1d_v1/l1d_mshr_entry.sv

*** SEMANTIC WARNING: UNDECLARED_MODULE: Module 'cmn_bin2onehot' is not declared at line: 46 in file: /home/liuyunqi/ymyu/l1d/l1d_v1/l1d_tag_behavior_map.sv

*** SEMANTIC WARNING: UNDECLARED_MODULE: Module 'cmn_bin2onehot' is not declared at line: 208 in file: /home/liuyunqi/ymyu/l1d/l1d_v1/l1d_tag_pipe.sv

*** SEMANTIC WARNING: UNDECLARED_MODULE: Module 'cmn_bin2onehot' is not declared at line: 12 in file: /home/liuyunqi/ymyu/l1d/l1d_v1/v_en_decoder.sv

*** SEMANTIC WARNING: UNDECLARED_MODULE: Module 'cmn_lead_one' is not declared at line: 24 in file: /home/liuyunqi/ymyu/l1d/l1d_v1/pre_allocator.sv

*** SEMANTIC WARNING: UNDECLARED_MODULE: Module 'cmn_lead_one' is not declared at line: 55 in file: /home/liuyunqi/ymyu/l1d/l1d_v1/vrp_arb_rr.sv

*** SEMANTIC WARNING: UNDECLARED_MODULE: Module 'cmn_lead_one' is not declared at line: 64 in file: /home/liuyunqi/ymyu/l1d/l1d_v1/vrp_arb_rr.sv

*** Build done [total duration 1s.144ms] ***

